# JRE version: OpenJDK Runtime Environment (11.0.10) (build 11.0.10+0-b96-7249189)
# Java VM: OpenJDK 64-Bit Server VM (11.0.10+0-b96-7249189, mixed mode, tiered, compressed oops, g1 gc, windows-amd64)
Heap:
 garbage-first heap   total 332800K, used 191591K [0x0000000080000000, 0x0000000100000000)
  region size 1024K, 3 young (3072K), 3 survivors (3072K)
 Metaspace       used 103385K, capacity 106056K, committed 106752K, reserved 1140736K
  class space    used 13572K, capacity 14557K, committed 14848K, reserved 1048576K
GC Heap History (20 events):
Event: 15.924 GC heap after
{Heap after GC invocations=18 (full 0):
 garbage-first heap   total 194560K, used 79212K [0x0000000080000000, 0x0000000100000000)
  region size 1024K, 9 young (9216K), 9 survivors (9216K)
 Metaspace       used 99106K, capacity 101774K, committed 102144K, reserved 1136640K
  class space    used 12976K, capacity 13964K, committed 14080K, reserved 1048576K
}
Event: 16.191 GC heap before
{Heap before GC invocations=18 (full 0):
 garbage-first heap   total 194560K, used 140652K [0x0000000080000000, 0x0000000100000000)
  region size 1024K, 55 young (56320K), 9 survivors (9216K)
 Metaspace       used 101360K, capacity 104186K, committed 104320K, reserved 1138688K
  class space    used 13326K, capacity 14397K, committed 14464K, reserved 1048576K
}
Event: 16.201 GC heap after
{Heap after GC invocations=19 (full 0):
 garbage-first heap   total 194560K, used 99033K [0x0000000080000000, 0x0000000100000000)
  region size 1024K, 11 young (11264K), 11 survivors (11264K)
 Metaspace       used 101360K, capacity 104186K, committed 104320K, reserved 1138688K
  class space    used 13326K, capacity 14397K, committed 14464K, reserved 1048576K
}
Event: 16.412 GC heap before
{Heap before GC invocations=20 (full 0):
 garbage-first heap   total 194560K, used 158425K [0x0000000080000000, 0x0000000100000000)
  region size 1024K, 57 young (58368K), 11 survivors (11264K)
 Metaspace       used 101918K, capacity 104740K, committed 105216K, reserved 1140736K
  class space    used 13361K, capacity 14416K, committed 14592K, reserved 1048576K
}
Event: 16.462 GC heap after
{Heap after GC invocations=21 (full 0):
 garbage-first heap   total 194560K, used 122880K [0x0000000080000000, 0x0000000100000000)
  region size 1024K, 9 young (9216K), 9 survivors (9216K)
 Metaspace       used 101918K, capacity 104740K, committed 105216K, reserved 1140736K
  class space    used 13361K, capacity 14416K, committed 14592K, reserved 1048576K
}
Event: 16.697 GC heap before
{Heap before GC invocations=22 (full 0):
 garbage-first heap   total 194560K, used 157696K [0x0000000080000000, 0x0000000100000000)
  region size 1024K, 42 young (43008K), 9 survivors (9216K)
 Metaspace       used 103158K, capacity 106013K, committed 106240K, reserved 1140736K
  class space    used 13643K, capacity 14713K, committed 14848K, reserved 1048576K
}
Event: 16.717 GC heap after
{Heap after GC invocations=23 (full 0):
 garbage-first heap   total 194560K, used 137414K [0x0000000080000000, 0x0000000100000000)
  region size 1024K, 6 young (6144K), 6 survivors (6144K)
 Metaspace       used 103158K, capacity 106013K, committed 106240K, reserved 1140736K
  class space    used 13643K, capacity 14713K, committed 14848K, reserved 1048576K
}
Event: 16.775 GC heap before
{Heap before GC invocations=23 (full 0):
 garbage-first heap   total 194560K, used 157894K [0x0000000080000000, 0x0000000100000000)
  region size 1024K, 27 young (27648K), 6 survivors (6144K)
 Metaspace       used 103248K, capacity 106085K, committed 106496K, reserved 1140736K
  class space    used 13643K, capacity 14713K, committed 14848K, reserved 1048576K
}
Event: 16.791 GC heap after
{Heap after GC invocations=24 (full 0):
 garbage-first heap   total 194560K, used 148798K [0x0000000080000000, 0x0000000100000000)
  region size 1024K, 4 young (4096K), 4 survivors (4096K)
 Metaspace       used 103248K, capacity 106085K, committed 106496K, reserved 1140736K
  class space    used 13643K, capacity 14713K, committed 14848K, reserved 1048576K
}
Event: 16.825 GC heap before
{Heap before GC invocations=24 (full 0):
 garbage-first heap   total 194560K, used 161086K [0x0000000080000000, 0x0000000100000000)
  region size 1024K, 16 young (16384K), 4 survivors (4096K)
 Metaspace       used 103275K, capacity 106089K, committed 106496K, reserved 1140736K
  class space    used 13643K, capacity 14713K, committed 14848K, reserved 1048576K
}
Event: 16.833 GC heap after
{Heap after GC invocations=25 (full 0):
 garbage-first heap   total 194560K, used 155648K [0x0000000080000000, 0x0000000100000000)
  region size 1024K, 2 young (2048K), 2 survivors (2048K)
 Metaspace       used 103275K, capacity 106089K, committed 106496K, reserved 1140736K
  class space    used 13643K, capacity 14713K, committed 14848K, reserved 1048576K
}
Event: 16.862 GC heap before
{Heap before GC invocations=25 (full 0):
 garbage-first heap   total 194560K, used 164864K [0x0000000080000000, 0x0000000100000000)
  region size 1024K, 11 young (11264K), 2 survivors (2048K)
 Metaspace       used 103281K, capacity 106089K, committed 106496K, reserved 1140736K
  class space    used 13643K, capacity 14713K, committed 14848K, reserved 1048576K
}
Event: 16.882 GC heap after
{Heap after GC invocations=26 (full 0):
 garbage-first heap   total 247808K, used 160995K [0x0000000080000000, 0x0000000100000000)
  region size 1024K, 2 young (2048K), 2 survivors (2048K)
 Metaspace       used 103281K, capacity 106089K, committed 106496K, reserved 1140736K
  class space    used 13643K, capacity 14713K, committed 14848K, reserved 1048576K
}
Event: 16.978 GC heap before
{Heap before GC invocations=26 (full 0):
 garbage-first heap   total 247808K, used 189667K [0x0000000080000000, 0x0000000100000000)
  region size 1024K, 30 young (30720K), 2 survivors (2048K)
 Metaspace       used 103288K, capacity 106089K, committed 106496K, reserved 1140736K
  class space    used 13643K, capacity 14713K, committed 14848K, reserved 1048576K
}
Event: 16.990 GC heap after
{Heap after GC invocations=27 (full 0):
 garbage-first heap   total 247808K, used 176093K [0x0000000080000000, 0x0000000100000000)
  region size 1024K, 4 young (4096K), 4 survivors (4096K)
 Metaspace       used 103288K, capacity 106089K, committed 106496K, reserved 1140736K
  class space    used 13643K, capacity 14713K, committed 14848K, reserved 1048576K
}
Event: 17.125 GC heap before
{Heap before GC invocations=28 (full 0):
 garbage-first heap   total 247808K, used 197597K [0x0000000080000000, 0x0000000100000000)
  region size 1024K, 25 young (25600K), 4 survivors (4096K)
 Metaspace       used 103048K, capacity 105634K, committed 106496K, reserved 1140736K
  class space    used 13511K, capacity 14465K, committed 14848K, reserved 1048576K
}
Event: 17.136 GC heap after
{Heap after GC invocations=29 (full 0):
 garbage-first heap   total 247808K, used 185672K [0x0000000080000000, 0x0000000100000000)
  region size 1024K, 4 young (4096K), 4 survivors (4096K)
 Metaspace       used 103048K, capacity 105634K, committed 106496K, reserved 1140736K
  class space    used 13511K, capacity 14465K, committed 14848K, reserved 1048576K
}
Event: 17.228 GC heap before
{Heap before GC invocations=29 (full 0):
 garbage-first heap   total 247808K, used 201032K [0x0000000080000000, 0x0000000100000000)
  region size 1024K, 20 young (20480K), 4 survivors (4096K)
 Metaspace       used 103330K, capacity 106037K, committed 106752K, reserved 1140736K
  class space    used 13568K, capacity 14553K, committed 14848K, reserved 1048576K
}
Event: 17.236 GC heap after
{Heap after GC invocations=30 (full 0):
 garbage-first heap   total 247808K, used 189440K [0x0000000080000000, 0x0000000100000000)
  region size 1024K, 3 young (3072K), 3 survivors (3072K)
 Metaspace       used 103330K, capacity 106037K, committed 106752K, reserved 1140736K
  class space    used 13568K, capacity 14553K, committed 14848K, reserved 1048576K
}
Event: 17.355 GC heap before
{Heap before GC invocations=30 (full 0):
 garbage-first heap   total 247808K, used 205824K [0x0000000080000000, 0x0000000100000000)
  region size 1024K, 19 young (19456K), 3 survivors (3072K)
 Metaspace       used 103385K, capacity 106056K, committed 106752K, reserved 1140736K
  class space    used 13572K, capacity 14557K, committed 14848K, reserved 1048576K
}

